<?xml version="1.0" encoding="UTF-8"?>
<!-- Generated by org.testng.reporters.JUnitXMLReporter -->
<testsuite hostname="LAPTOP-3OG2TCS8" ignored="0" name="funNavigation" tests="1" failures="1" timestamp="07 Apr 2017 03:28:47 GMT" time="124.946" errors="0">
  <testcase name="funNavigation" time="82.29" classname="groupon.Test2">
    <failure type="org.openqa.selenium.NoSuchElementException" message="An element could not be located on the page using the given search parameters. (WARNING: The server did not provide any stacktrace information)
Command duration or timeout: 80.27 seconds
For documentation on this error, please visit: http://seleniumhq.org/exceptions/no_such_element.html
Build info: version: &amp;apos;unknown&amp;apos;, revision: &amp;apos;5234b32&amp;apos;, time: &amp;apos;2017-03-10 09:00:17 -0800&amp;apos;
System info: host: &amp;apos;LAPTOP-3OG2TCS8&amp;apos;, ip: &amp;apos;192.168.189.2&amp;apos;, os.name: &amp;apos;Windows 10&amp;apos;, os.arch: &amp;apos;amd64&amp;apos;, os.version: &amp;apos;10.0&amp;apos;, java.version: &amp;apos;1.8.0_111&amp;apos;
Driver info: io.appium.java_client.android.AndroidDriver
Capabilities [{app=D:\workspace\AppiumProject\Apk\com.groupon.apk, appPackage=com.groupon, networkConnectionEnabled=true, warnings={}, databaseEnabled=false, deviceName=TA93305PEZ, platform=LINUX, appActivity=com.groupon.home.main.activities.Carousel, desired={app=D:\workspace\AppiumProject\Apk\com.groupon.apk, appPackage=com.groupon, appActivity=com.groupon.home.main.activities.Carousel, platformVersion=5.1, browserName=, udid=TA93305PEZ, platformName=Android, deviceName=Moto G}, platformVersion=5.1, webStorageEnabled=false, locationContextEnabled=false, browserName=, takesScreenshot=true, javascriptEnabled=true, udid=TA93305PEZ, platformName=Android}]
Session ID: a6b23015-f3aa-4e39-b712-890f841d1511
*** Element info: {Using=id, value=com.groupon:id/title}">
      <![CDATA[org.openqa.selenium.NoSuchElementException: An element could not be located on the page using the given search parameters. (WARNING: The server did not provide any stacktrace information)
Command duration or timeout: 80.27 seconds
For documentation on this error, please visit: http://seleniumhq.org/exceptions/no_such_element.html
Build info: version: 'unknown', revision: '5234b32', time: '2017-03-10 09:00:17 -0800'
System info: host: 'LAPTOP-3OG2TCS8', ip: '192.168.189.2', os.name: 'Windows 10', os.arch: 'amd64', os.version: '10.0', java.version: '1.8.0_111'
Driver info: io.appium.java_client.android.AndroidDriver
Capabilities [{app=D:\workspace\AppiumProject\Apk\com.groupon.apk, appPackage=com.groupon, networkConnectionEnabled=true, warnings={}, databaseEnabled=false, deviceName=TA93305PEZ, platform=LINUX, appActivity=com.groupon.home.main.activities.Carousel, desired={app=D:\workspace\AppiumProject\Apk\com.groupon.apk, appPackage=com.groupon, appActivity=com.groupon.home.main.activities.Carousel, platformVersion=5.1, browserName=, udid=TA93305PEZ, platformName=Android, deviceName=Moto G}, platformVersion=5.1, webStorageEnabled=false, locationContextEnabled=false, browserName=, takesScreenshot=true, javascriptEnabled=true, udid=TA93305PEZ, platformName=Android}]
Session ID: a6b23015-f3aa-4e39-b712-890f841d1511
*** Element info: {Using=id, value=com.groupon:id/title}
	at org.openqa.selenium.remote.ErrorHandler.createThrowable(ErrorHandler.java:216)
	at org.openqa.selenium.remote.ErrorHandler.throwIfResponseFailed(ErrorHandler.java:168)
	at org.openqa.selenium.remote.RemoteWebDriver.execute(RemoteWebDriver.java:638)
	at io.appium.java_client.DefaultGenericMobileDriver.execute(DefaultGenericMobileDriver.java:42)
	at io.appium.java_client.AppiumDriver.execute(AppiumDriver.java:1)
	at io.appium.java_client.android.AndroidDriver.execute(AndroidDriver.java:1)
	at org.openqa.selenium.remote.RemoteWebDriver.findElement(RemoteWebDriver.java:371)
	at io.appium.java_client.DefaultGenericMobileDriver.findElement(DefaultGenericMobileDriver.java:62)
	at io.appium.java_client.AppiumDriver.findElement(AppiumDriver.java:1)
	at io.appium.java_client.android.AndroidDriver.findElement(AndroidDriver.java:1)
	at org.openqa.selenium.remote.RemoteWebDriver.findElementById(RemoteWebDriver.java:420)
	at io.appium.java_client.DefaultGenericMobileDriver.findElementById(DefaultGenericMobileDriver.java:70)
	at io.appium.java_client.AppiumDriver.findElementById(AppiumDriver.java:1)
	at io.appium.java_client.android.AndroidDriver.findElementById(AndroidDriver.java:1)
	at org.openqa.selenium.By$ById.findElement(By.java:218)
	at org.openqa.selenium.remote.RemoteWebDriver.findElement(RemoteWebDriver.java:363)
	at io.appium.java_client.DefaultGenericMobileDriver.findElement(DefaultGenericMobileDriver.java:58)
	at io.appium.java_client.AppiumDriver.findElement(AppiumDriver.java:1)
	at io.appium.java_client.android.AndroidDriver.findElement(AndroidDriver.java:1)
	at groupon.Test2.funNavigation(Test2.java:26)
	at java.util.concurrent.FutureTask.run(Unknown Source)
	at java.util.concurrent.ThreadPoolExecutor.runWorker(Unknown Source)
	at java.util.concurrent.ThreadPoolExecutor$Worker.run(Unknown Source)
	at java.lang.Thread.run(Unknown Source)
... Removed 20 stack frames]]>
    </failure>
  </testcase> <!-- funNavigation -->
</testsuite> <!-- funNavigation -->
